void TIM4_IRQHandler(void)
{
	extern int counterFive;
	extern int counterEight;
	extern int counterNine;
    
	if (TIM_GetITStatus(TIM4, TIM_IT_Update) != RESET)
	{
		TIM_ClearITPendingBit(TIM4, TIM_IT_Update);
		counterFive++;
		if(counterFive>= 1) {
			GPIOB-> ODR ^= GPIO_Pin_8;
				counterFive = 0;
					}
			counterEight++;
		if(counterEight>= 1) {
			GPIOB-> ODR ^= GPIO_Pin_5;
			counterEight = 0;
				}
		counterNine++;
				if(counterNine>= 1) {
			GPIOB-> ODR ^= GPIO_Pin_9;
			counterNine = 0;
					}
		
	}	

}//End Of The TIM4_IRQ_Handler
