###############################################################################
#                                                                             #
# IAR ANSI C/C++ Compiler V6.30.1.53127/W32 for ARM     17/Oct/2022  17:08:19 #
# Copyright 1999-2011 IAR Systems AB.                                         #
#                                                                             #
#    Cpu mode     =  thumb                                                    #
#    Endian       =  little                                                   #
#    Source file  =  C:\Users\TTT\Desktop\zz.STDFW\00.Study\src\Delay.c       #
#    Command line =  C:\Users\TTT\Desktop\zz.STDFW\00.Study\src\Delay.c -D    #
#                    USE_STDPERIPH_DRIVER -D STM32F10x_HD -D USE_FULL_ASSERT  #
#                    -lcN C:\Users\TTT\Desktop\zz.STDFW\00.Study\project\IAR_ #
#                    M32\Debug\List\ -lb C:\Users\TTT\Desktop\zz.STDFW\00.Stu #
#                    dy\project\IAR_M32\Debug\List\ -o                        #
#                    C:\Users\TTT\Desktop\zz.STDFW\00.Study\project\IAR_M32\D #
#                    ebug\Obj\ --no_cse --no_unroll --no_inline               #
#                    --no_code_motion --no_tbaa --no_clustering               #
#                    --no_scheduling --debug --endian=little --cpu=Cortex-M3  #
#                    -e --fpu=None --dlib_config "C:\Program Files (x86)\IAR  #
#                    Systems\Embedded Workbench 6.0\arm\INC\c\DLib_Config_Ful #
#                    l.h" -I C:\Users\TTT\Desktop\zz.STDFW\00.Study\project\I #
#                    AR_M32\..\..\inc\ -I C:\Users\TTT\Desktop\zz.STDFW\00.St #
#                    udy\project\IAR_M32\..\..\Libraries\CMSIS\CM3\DeviceSupp #
#                    ort\ST\STM32F10x\ -I C:\Users\TTT\Desktop\zz.STDFW\00.St #
#                    udy\project\IAR_M32\..\..\Libraries\STM32F10x_StdPeriph_ #
#                    Driver\inc\ -I "C:\Program Files (x86)\IAR               #
#                    Systems\Embedded Workbench 6.0\arm\inc\c\" -On -I        #
#                    "C:\Program Files (x86)\IAR Systems\Embedded Workbench   #
#                    6.0\arm\CMSIS\Include\"                                  #
#    List file    =  C:\Users\TTT\Desktop\zz.STDFW\00.Study\project\IAR_M32\D #
#                    ebug\List\Delay.lst                                      #
#    Object file  =  C:\Users\TTT\Desktop\zz.STDFW\00.Study\project\IAR_M32\D #
#                    ebug\Obj\Delay.o                                         #
#                                                                             #
#                                                                             #
###############################################################################

C:\Users\TTT\Desktop\zz.STDFW\00.Study\src\Delay.c
      1          /*=================================================================================
      2          Project Name 		:	TPV HD Type (HD IP THERMOGRAPHY PTZ CAMERA)
      3          Author			:	phs@tbtsys.com
      4          ==================================================================================*/ 
      5          
      6          /*******************************************************************************
      7          * INCLUDE
      8          *******************************************************************************/
      9          #include "Delay.h"
     10          
     11          /*******************************************************************************
     12          * Delay Fuction
     13          *******************************************************************************/
     14          void Delay_1us(__IO uint16_t nTime)
     15          {
     16          	u16 i, dTime;
     17          	
     18          	for (i=0; i<nTime; i++)
     19          	{
     20          		for (dTime=0; dTime<8; dTime++);//about 1.04us
     21          	}
     22          }
     23          
     24          void Delay_1ms(__IO uint16_t nTime)
     25          {
     26          	u16 i;
     27          	
     28          	for(i=0; i<nTime; i++)
     29          	{
     30          		Delay_1us(1000);
     31          	}
     32          }
     33          /*******************************************************************************/
     34          
     35          volatile uint32_t i2cDelay;
     36          volatile uint32_t TimDelay;
     37          static volatile uint32_t TimDelay;
     38          static volatile uint32_t TimingDelay;
     39          
     40          void delay_100ms(void)
     41          {
     42              Delay(100);
     43          }
     44          
     45          void i2c_Delay(__IO uint32_t nTime)
     46          { 
     47          	i2cDelay = nTime;
     48          
     49          	while(i2cDelay != 0);
     50          }
     51          
     52          void Delay(__IO uint32_t nTime)
     53          { 
     54          	TimingDelay = nTime;
     55          
     56          	while(TimingDelay != 0);
     57          }
     58          
     59          
     60          void TimingDelay_Decrement(void)
     61          {
     62          	if (TimingDelay != 0x00)
     63          	{ 
     64          		TimingDelay--;
     65          	}
     66          }
     67          
     68          
     69          
     70          void i2cDelay_Decrement(void)
     71          {
     72          	if (i2cDelay != 0x00)
     73          	{ 
     74          		i2cDelay--;
     75          	}
     76          }
     77          void Delay_Us(unsigned int time_us)
     78          {
     79          	Delay_1us(time_us);
     80          }
     81          
     82          void Delay_ms(uint16_t time_ms)
     83          {
     84              for(; time_ms != 0; time_ms--)
     85              {
     86                  Delay_Us(1000);
     87              }
     88          }
     89          
     90          
     91          void delayS(__IO uint32_t nTime)
     92          {
     93            TimDelay = nTime;
     94          
     95            while(TimDelay != 0);
     96          }
     97          void Delay_Decrement(void)
     98          {
     99            if (TimDelay != 0x00)
    100            { 
    101              TimDelay--;
    102            }
    103          }
    104          
    105          void delay(__IO uint16_t nTime)
    106          {
    107            	while(nTime--) { 
    108            	}
    109          }
    110          
    111          void LongDelay(u8 Value)
    112          {
    113            u8 x;
    114            for(x = 0; x < Value; x++){
    115              delay(50000);
    116              delay(50000);
    117              delay(50000);
    118              delay(50000);
    119              }
    120          }

   Maximum stack usage in bytes:

   .cstack Function
   ------- --------
        4  Delay
       16  Delay_1ms
             16 -> Delay_1us
        4  Delay_1us
        0  Delay_Decrement
        8  Delay_Us
              8 -> Delay_1us
        8  Delay_ms
              8 -> Delay_Us
       16  LongDelay
             16 -> delay
        0  TimingDelay_Decrement
        4  delay
        4  delayS
        8  delay_100ms
              8 -> Delay
        0  i2cDelay_Decrement
        4  i2c_Delay


   Section sizes:

   Bytes  Function/Label
   -----  --------------
       4  ??DataTable5
       4  ??DataTable5_1
       4  ??DataTable5_2
      20  Delay
      30  Delay_1ms
      34  Delay_1us
      20  Delay_Decrement
      14  Delay_Us
      24  Delay_ms
      54  LongDelay
       4  TimDelay
       4  TimingDelay
      20  TimingDelay_Decrement
      22  delay
      20  delayS
      10  delay_100ms
       4  i2cDelay
      20  i2cDelay_Decrement
      20  i2c_Delay

 
  12 bytes in section .bss
 320 bytes in section .text
 
 320 bytes of CODE memory
  12 bytes of DATA memory

Errors: none
Warnings: none
