###############################################################################
#                                                                             #
# IAR ANSI C/C++ Compiler V6.30.1.53127/W32 for ARM     17/Oct/2022  17:08:21 #
# Copyright 1999-2011 IAR Systems AB.                                         #
#                                                                             #
#    Cpu mode     =  thumb                                                    #
#    Endian       =  little                                                   #
#    Source file  =  C:\Users\TTT\Desktop\zz.STDFW\00.Study\src\LED_Control.c #
#    Command line =  C:\Users\TTT\Desktop\zz.STDFW\00.Study\src\LED_Control.c #
#                     -D USE_STDPERIPH_DRIVER -D STM32F10x_HD -D              #
#                    USE_FULL_ASSERT -lcN C:\Users\TTT\Desktop\zz.STDFW\00.St #
#                    udy\project\IAR_M32\Debug\List\ -lb                      #
#                    C:\Users\TTT\Desktop\zz.STDFW\00.Study\project\IAR_M32\D #
#                    ebug\List\ -o C:\Users\TTT\Desktop\zz.STDFW\00.Study\pro #
#                    ject\IAR_M32\Debug\Obj\ --no_cse --no_unroll             #
#                    --no_inline --no_code_motion --no_tbaa --no_clustering   #
#                    --no_scheduling --debug --endian=little --cpu=Cortex-M3  #
#                    -e --fpu=None --dlib_config "C:\Program Files (x86)\IAR  #
#                    Systems\Embedded Workbench 6.0\arm\INC\c\DLib_Config_Ful #
#                    l.h" -I C:\Users\TTT\Desktop\zz.STDFW\00.Study\project\I #
#                    AR_M32\..\..\inc\ -I C:\Users\TTT\Desktop\zz.STDFW\00.St #
#                    udy\project\IAR_M32\..\..\Libraries\CMSIS\CM3\DeviceSupp #
#                    ort\ST\STM32F10x\ -I C:\Users\TTT\Desktop\zz.STDFW\00.St #
#                    udy\project\IAR_M32\..\..\Libraries\STM32F10x_StdPeriph_ #
#                    Driver\inc\ -I "C:\Program Files (x86)\IAR               #
#                    Systems\Embedded Workbench 6.0\arm\inc\c\" -On -I        #
#                    "C:\Program Files (x86)\IAR Systems\Embedded Workbench   #
#                    6.0\arm\CMSIS\Include\"                                  #
#    List file    =  C:\Users\TTT\Desktop\zz.STDFW\00.Study\project\IAR_M32\D #
#                    ebug\List\LED_Control.lst                                #
#    Object file  =  C:\Users\TTT\Desktop\zz.STDFW\00.Study\project\IAR_M32\D #
#                    ebug\Obj\LED_Control.o                                   #
#                                                                             #
#                                                                             #
###############################################################################

C:\Users\TTT\Desktop\zz.STDFW\00.Study\src\LED_Control.c
      1          
      2          /*
      3           * File Name: Led_Control.c
      4           * Author: Chalie
      5           * Version: v1.0
      6           * Date: 2022.06.29
      7          */
      8          
      9          /* include */
     10          #include "stm32f10x.h"
     11          #include "Delay.h"
     12          //	#include "Extern.h"
     13          //	#include "stm32f10x_tim.h"
     14          //	#include "Define.h"
     15          //	#include "stm32f10x_adc.h"
     16          //	#include "stm32f10x_dma.h"
     17          
     18          /* Functions */
     19          /*
     20           * GPIOB Pin9 // Red
     21           * GIPOB Pin8 //Green
     22           * GPIOB Pin5 //Yellow
     23          */
     24          
     25          
     26          
     27          
     28          
     29          void LED_Off_Red () {
     30          	GPIO_SetBits(GPIOB, GPIO_Pin_9);
     31          }
     32          
     33          void LED_On_Red () {
     34          	GPIO_ResetBits(GPIOB, GPIO_Pin_9);
     35          }
     36          
     37          void LED_Off_Green () {
     38          	GPIO_SetBits(GPIOB, GPIO_Pin_8);
     39          }
     40          
     41          void LED_On_Green () {
     42          	GPIO_ResetBits(GPIOB, GPIO_Pin_8);
     43          }
     44          
     45          void LED_Off_Yellow () {
     46          	GPIO_SetBits(GPIOB, GPIO_Pin_5);
     47          }
     48          
     49          void LED_On_Yellow () {
     50          	GPIO_ResetBits(GPIOB, GPIO_Pin_5);
     51          }
     52          
     53          void ALL_LED_Blink () {
     54          	LED_Off_Green();
     55          	delay(1000);
     56          	LED_On_Green();
     57          	delay(1000);
     58          	LED_Off_Red();
     59          	delay(1000);
     60          	LED_On_Red();
     61          	delay(1000);
     62          	LED_Off_Yellow();
     63          	delay(1000);
     64          	LED_On_Yellow();
     65          	delay(1000);
     66          }
     67          
     68          void All_LED_Off() {
     69          	LED_Off_Green();
     70          	LED_Off_Red();
     71          	LED_Off_Yellow();
     72          }
     73          
     74          	
     75          
     76          
     77          
     78          
     79          
     80          
     81          
     82          
     83          

   Maximum stack usage in bytes:

   .cstack Function
   ------- --------
        8  ALL_LED_Blink
             8 -> LED_Off_Green
             8 -> LED_Off_Red
             8 -> LED_Off_Yellow
             8 -> LED_On_Green
             8 -> LED_On_Red
             8 -> LED_On_Yellow
             8 -> delay
        8  All_LED_Off
             8 -> LED_Off_Green
             8 -> LED_Off_Red
             8 -> LED_Off_Yellow
        8  LED_Off_Green
             8 -> GPIO_SetBits
        8  LED_Off_Red
             8 -> GPIO_SetBits
        8  LED_Off_Yellow
             8 -> GPIO_SetBits
        8  LED_On_Green
             8 -> GPIO_ResetBits
        8  LED_On_Red
             8 -> GPIO_ResetBits
        8  LED_On_Yellow
             8 -> GPIO_ResetBits


   Section sizes:

   Bytes  Function/Label
   -----  --------------
       4  ??DataTable5
      76  ALL_LED_Blink
      16  All_LED_Off
      14  LED_Off_Green
      14  LED_Off_Red
      12  LED_Off_Yellow
      14  LED_On_Green
      14  LED_On_Red
      12  LED_On_Yellow

 
 176 bytes in section .text
 
 176 bytes of CODE memory

Errors: none
Warnings: none
