###############################################################################
#                                                                             #
# IAR ANSI C/C++ Compiler V6.30.1.53127/W32 for ARM     25/Jul/2022  17:14:45 #
# Copyright 1999-2011 IAR Systems AB.                                         #
#                                                                             #
#    Cpu mode     =  thumb                                                    #
#    Endian       =  little                                                   #
#    Source file  =  C:\Users\TTT\Desktop\zz.STDFW\00.Study\Libraries\STM32F1 #
#                    0x_StdPeriph_Driver\src\stm32f10x_dbgmcu.c               #
#    Command line =  C:\Users\TTT\Desktop\zz.STDFW\00.Study\Libraries\STM32F1 #
#                    0x_StdPeriph_Driver\src\stm32f10x_dbgmcu.c -D            #
#                    USE_STDPERIPH_DRIVER -D STM32F10x_HD -D USE_FULL_ASSERT  #
#                    -lcN C:\Users\TTT\Desktop\zz.STDFW\00.Study\project\IAR_ #
#                    M32\Debug\List\ -lb C:\Users\TTT\Desktop\zz.STDFW\00.Stu #
#                    dy\project\IAR_M32\Debug\List\ -o                        #
#                    C:\Users\TTT\Desktop\zz.STDFW\00.Study\project\IAR_M32\D #
#                    ebug\Obj\ --no_cse --no_unroll --no_inline               #
#                    --no_code_motion --no_tbaa --no_clustering               #
#                    --no_scheduling --debug --endian=little --cpu=Cortex-M3  #
#                    -e --fpu=None --dlib_config "C:\Program Files (x86)\IAR  #
#                    Systems\Embedded Workbench 6.0\arm\INC\c\DLib_Config_Ful #
#                    l.h" -I C:\Users\TTT\Desktop\zz.STDFW\00.Study\project\I #
#                    AR_M32\..\..\inc\ -I C:\Users\TTT\Desktop\zz.STDFW\00.St #
#                    udy\project\IAR_M32\..\..\Libraries\CMSIS\CM3\DeviceSupp #
#                    ort\ST\STM32F10x\ -I C:\Users\TTT\Desktop\zz.STDFW\00.St #
#                    udy\project\IAR_M32\..\..\Libraries\STM32F10x_StdPeriph_ #
#                    Driver\inc\ -I "C:\Program Files (x86)\IAR               #
#                    Systems\Embedded Workbench 6.0\arm\inc\c\" -On -I        #
#                    "C:\Program Files (x86)\IAR Systems\Embedded Workbench   #
#                    6.0\arm\CMSIS\Include\"                                  #
#    List file    =  C:\Users\TTT\Desktop\zz.STDFW\00.Study\project\IAR_M32\D #
#                    ebug\List\stm32f10x_dbgmcu.lst                           #
#    Object file  =  C:\Users\TTT\Desktop\zz.STDFW\00.Study\project\IAR_M32\D #
#                    ebug\Obj\stm32f10x_dbgmcu.o                              #
#                                                                             #
#                                                                             #
###############################################################################

C:\Users\TTT\Desktop\zz.STDFW\00.Study\Libraries\STM32F10x_StdPeriph_Driver\src\stm32f10x_dbgmcu.c
      1          /**
      2            ******************************************************************************
      3            * @file    stm32f10x_dbgmcu.c
      4            * @author  MCD Application Team
      5            * @version V3.4.0
      6            * @date    10/15/2010
      7            * @brief   This file provides all the DBGMCU firmware functions.
      8            ******************************************************************************
      9            * @copy
     10            *
     11            * THE PRESENT FIRMWARE WHICH IS FOR GUIDANCE ONLY AIMS AT PROVIDING CUSTOMERS
     12            * WITH CODING INFORMATION REGARDING THEIR PRODUCTS IN ORDER FOR THEM TO SAVE
     13            * TIME. AS A RESULT, STMICROELECTRONICS SHALL NOT BE HELD LIABLE FOR ANY
     14            * DIRECT, INDIRECT OR CONSEQUENTIAL DAMAGES WITH RESPECT TO ANY CLAIMS ARISING
     15            * FROM THE CONTENT OF SUCH FIRMWARE AND/OR THE USE MADE BY CUSTOMERS OF THE
     16            * CODING INFORMATION CONTAINED HEREIN IN CONNECTION WITH THEIR PRODUCTS.
     17            *
     18            * <h2><center>&copy; COPYRIGHT 2010 STMicroelectronics</center></h2>
     19            */ 
     20          
     21          /* Includes ------------------------------------------------------------------*/
     22          #include "stm32f10x_dbgmcu.h"
     23          
     24          /** @addtogroup STM32F10x_StdPeriph_Driver
     25            * @{
     26            */
     27          
     28          /** @defgroup DBGMCU 
     29            * @brief DBGMCU driver modules
     30            * @{
     31            */ 
     32          
     33          /** @defgroup DBGMCU_Private_TypesDefinitions
     34            * @{
     35            */
     36          
     37          /**
     38            * @}
     39            */
     40          
     41          /** @defgroup DBGMCU_Private_Defines
     42            * @{
     43            */
     44          
     45          #define IDCODE_DEVID_MASK    ((uint32_t)0x00000FFF)
     46          /**
     47            * @}
     48            */
     49          
     50          /** @defgroup DBGMCU_Private_Macros
     51            * @{
     52            */
     53          
     54          /**
     55            * @}
     56            */
     57          
     58          /** @defgroup DBGMCU_Private_Variables
     59            * @{
     60            */
     61          
     62          /**
     63            * @}
     64            */
     65          
     66          /** @defgroup DBGMCU_Private_FunctionPrototypes
     67            * @{
     68            */
     69          
     70          /**
     71            * @}
     72            */
     73          
     74          /** @defgroup DBGMCU_Private_Functions
     75            * @{
     76            */
     77          
     78          /**
     79            * @brief  Returns the device revision identifier.
     80            * @param  None
     81            * @retval Device revision identifier
     82            */
     83          uint32_t DBGMCU_GetREVID(void)
     84          {
     85             return(DBGMCU->IDCODE >> 16);
     86          }
     87          
     88          /**
     89            * @brief  Returns the device identifier.
     90            * @param  None
     91            * @retval Device identifier
     92            */
     93          uint32_t DBGMCU_GetDEVID(void)
     94          {
     95             return(DBGMCU->IDCODE & IDCODE_DEVID_MASK);
     96          }
     97          
     98          /**
     99            * @brief  Configures the specified peripheral and low power mode behavior
    100            *   when the MCU under Debug mode.
    101            * @param  DBGMCU_Periph: specifies the peripheral and low power mode.
    102            *   This parameter can be any combination of the following values:
    103            *     @arg DBGMCU_SLEEP: Keep debugger connection during SLEEP mode              
    104            *     @arg DBGMCU_STOP: Keep debugger connection during STOP mode               
    105            *     @arg DBGMCU_STANDBY: Keep debugger connection during STANDBY mode            
    106            *     @arg DBGMCU_IWDG_STOP: Debug IWDG stopped when Core is halted          
    107            *     @arg DBGMCU_WWDG_STOP: Debug WWDG stopped when Core is halted          
    108            *     @arg DBGMCU_TIM1_STOP: TIM1 counter stopped when Core is halted          
    109            *     @arg DBGMCU_TIM2_STOP: TIM2 counter stopped when Core is halted          
    110            *     @arg DBGMCU_TIM3_STOP: TIM3 counter stopped when Core is halted          
    111            *     @arg DBGMCU_TIM4_STOP: TIM4 counter stopped when Core is halted          
    112            *     @arg DBGMCU_CAN1_STOP: Debug CAN2 stopped when Core is halted           
    113            *     @arg DBGMCU_I2C1_SMBUS_TIMEOUT: I2C1 SMBUS timeout mode stopped when Core is halted
    114            *     @arg DBGMCU_I2C2_SMBUS_TIMEOUT: I2C2 SMBUS timeout mode stopped when Core is halted
    115            *     @arg DBGMCU_TIM5_STOP: TIM5 counter stopped when Core is halted          
    116            *     @arg DBGMCU_TIM6_STOP: TIM6 counter stopped when Core is halted          
    117            *     @arg DBGMCU_TIM7_STOP: TIM7 counter stopped when Core is halted          
    118            *     @arg DBGMCU_TIM8_STOP: TIM8 counter stopped when Core is halted
    119            *     @arg DBGMCU_CAN2_STOP: Debug CAN2 stopped when Core is halted 
    120            *     @arg DBGMCU_TIM15_STOP: TIM15 counter stopped when Core is halted
    121            *     @arg DBGMCU_TIM16_STOP: TIM16 counter stopped when Core is halted
    122            *     @arg DBGMCU_TIM17_STOP: TIM17 counter stopped when Core is halted                
    123            *     @arg DBGMCU_TIM9_STOP: TIM9 counter stopped when Core is halted
    124            *     @arg DBGMCU_TIM10_STOP: TIM10 counter stopped when Core is halted
    125            *     @arg DBGMCU_TIM11_STOP: TIM11 counter stopped when Core is halted
    126            *     @arg DBGMCU_TIM12_STOP: TIM12 counter stopped when Core is halted
    127            *     @arg DBGMCU_TIM13_STOP: TIM13 counter stopped when Core is halted
    128            *     @arg DBGMCU_TIM14_STOP: TIM14 counter stopped when Core is halted
    129            * @param  NewState: new state of the specified peripheral in Debug mode.
    130            *   This parameter can be: ENABLE or DISABLE.
    131            * @retval None
    132            */
    133          void DBGMCU_Config(uint32_t DBGMCU_Periph, FunctionalState NewState)
    134          {
    135            /* Check the parameters */
    136            assert_param(IS_DBGMCU_PERIPH(DBGMCU_Periph));
    137            assert_param(IS_FUNCTIONAL_STATE(NewState));
    138          
    139            if (NewState != DISABLE)
    140            {
    141              DBGMCU->CR |= DBGMCU_Periph;
    142            }
    143            else
    144            {
    145              DBGMCU->CR &= ~DBGMCU_Periph;
    146            }
    147          }
    148          
    149          /**
    150            * @}
    151            */
    152          
    153          /**
    154            * @}
    155            */
    156          
    157          /**
    158            * @}
    159            */
    160          
    161          /******************* (C) COPYRIGHT 2010 STMicroelectronics *****END OF FILE****/

   Maximum stack usage in bytes:

   .cstack Function
   ------- --------
       16  DBGMCU_Config
             16 -> assert_failed
        0  DBGMCU_GetDEVID
        0  DBGMCU_GetREVID


   Section sizes:

   Bytes  Function/Label
   -----  --------------
     100  ?<Constant "C:\\Users\\TTT\\Desktop\\...">
       4  ??DataTable2
       4  ??DataTable2_1
       4  ??DataTable2_2
       4  ??DataTable2_3
      74  DBGMCU_Config
      10  DBGMCU_GetDEVID
       8  DBGMCU_GetREVID

 
 100 bytes in section .rodata
 108 bytes in section .text
 
 108 bytes of CODE  memory
 100 bytes of CONST memory

Errors: none
Warnings: none
