###############################################################################
#                                                                             #
# IAR ANSI C/C++ Compiler V6.30.1.53127/W32 for ARM     17/Oct/2022  17:08:20 #
# Copyright 1999-2011 IAR Systems AB.                                         #
#                                                                             #
#    Cpu mode     =  thumb                                                    #
#    Endian       =  little                                                   #
#    Source file  =  C:\Users\TTT\Desktop\zz.STDFW\00.Study\src\Switch_Contro #
#                    l.c                                                      #
#    Command line =  C:\Users\TTT\Desktop\zz.STDFW\00.Study\src\Switch_Contro #
#                    l.c -D USE_STDPERIPH_DRIVER -D STM32F10x_HD -D           #
#                    USE_FULL_ASSERT -lcN C:\Users\TTT\Desktop\zz.STDFW\00.St #
#                    udy\project\IAR_M32\Debug\List\ -lb                      #
#                    C:\Users\TTT\Desktop\zz.STDFW\00.Study\project\IAR_M32\D #
#                    ebug\List\ -o C:\Users\TTT\Desktop\zz.STDFW\00.Study\pro #
#                    ject\IAR_M32\Debug\Obj\ --no_cse --no_unroll             #
#                    --no_inline --no_code_motion --no_tbaa --no_clustering   #
#                    --no_scheduling --debug --endian=little --cpu=Cortex-M3  #
#                    -e --fpu=None --dlib_config "C:\Program Files (x86)\IAR  #
#                    Systems\Embedded Workbench 6.0\arm\INC\c\DLib_Config_Ful #
#                    l.h" -I C:\Users\TTT\Desktop\zz.STDFW\00.Study\project\I #
#                    AR_M32\..\..\inc\ -I C:\Users\TTT\Desktop\zz.STDFW\00.St #
#                    udy\project\IAR_M32\..\..\Libraries\CMSIS\CM3\DeviceSupp #
#                    ort\ST\STM32F10x\ -I C:\Users\TTT\Desktop\zz.STDFW\00.St #
#                    udy\project\IAR_M32\..\..\Libraries\STM32F10x_StdPeriph_ #
#                    Driver\inc\ -I "C:\Program Files (x86)\IAR               #
#                    Systems\Embedded Workbench 6.0\arm\inc\c\" -On -I        #
#                    "C:\Program Files (x86)\IAR Systems\Embedded Workbench   #
#                    6.0\arm\CMSIS\Include\"                                  #
#    List file    =  C:\Users\TTT\Desktop\zz.STDFW\00.Study\project\IAR_M32\D #
#                    ebug\List\Switch_Control.lst                             #
#    Object file  =  C:\Users\TTT\Desktop\zz.STDFW\00.Study\project\IAR_M32\D #
#                    ebug\Obj\Switch_Control.o                                #
#                                                                             #
#                                                                             #
###############################################################################

C:\Users\TTT\Desktop\zz.STDFW\00.Study\src\Switch_Control.c
      1          /*
      2           * File Name: Switch_Control.c
      3           * Author: Chalie
      4           * Version: v1.0
      5           * Date: 2022.06.29
      6          */
      7          
      8          /* include */
      9          #include "stm32f10x.h"
     10          #include "LED_Control.h"
     11          
     12          /* Functions */
     13          /* USW_On_LED_Red_On
     14           * USW_On_LED_Green_On
     15           * USW_On_LED_Yellow_On
     16          */
     17          
     18          void User_SW_On_LED_Ren_On(void);
     19          void User_SW_On_LED_Green_On(void);
     20          void User_SW_On_LED_Yellow_On(void);
     21          
     22          
     23          void User_SW_On_LED_Ren_On(void) {
     24          	if(GPIO_ReadInputDataBit(GPIOA, GPIO_Pin_1) == 1) {
     25          		LED_On_Red();
     26          	} else {
     27          		LED_Off_Red();
     28          	}
     29          }
     30          
     31          void User_SW_On_LED_Green_On(void) {
     32          	if(GPIO_ReadInputDataBit(GPIOA, GPIO_Pin_1) == 1) {
     33          		LED_On_Green();
     34          	} else {
     35          		LED_Off_Green();
     36          	}
     37          }
     38          
     39          void User_SW_On_LED_Yellow_On(void) {
     40          	if(GPIO_ReadInputDataBit(GPIOA, GPIO_Pin_1) == 1) {
     41          		LED_On_Yellow();
     42          	} else {
     43          		LED_Off_Yellow();
     44          	}
     45          }
     46          
     47          
     48          
     49          
     50          
     51          
     52          
     53          
     54          
     55          
     56          
     57          

   Maximum stack usage in bytes:

   .cstack Function
   ------- --------
        8  User_SW_On_LED_Green_On
             8 -> GPIO_ReadInputDataBit
             8 -> LED_Off_Green
             8 -> LED_On_Green
        8  User_SW_On_LED_Ren_On
             8 -> GPIO_ReadInputDataBit
             8 -> LED_Off_Red
             8 -> LED_On_Red
        8  User_SW_On_LED_Yellow_On
             8 -> GPIO_ReadInputDataBit
             8 -> LED_Off_Yellow
             8 -> LED_On_Yellow


   Section sizes:

   Bytes  Function/Label
   -----  --------------
       4  ??DataTable2
      26  User_SW_On_LED_Green_On
      26  User_SW_On_LED_Ren_On
      26  User_SW_On_LED_Yellow_On

 
 82 bytes in section .text
 
 82 bytes of CODE memory

Errors: none
Warnings: 1
